[33m[nodemon] 1.11.0[39m
[33m[nodemon] to restart at any time, enter `rs`[39m
[33m[nodemon] watching: *.*[39m
[32m[nodemon] starting `node server.js`[39m
events.js:160
      throw er; // Unhandled 'error' event
      ^

Error: listen EADDRINUSE :::3000
    at Object.exports._errnoException (util.js:1022:11)
    at exports._exceptionWithHostPort (util.js:1045:20)
    at Server._listen2 (net.js:1262:14)
    at listen (net.js:1298:10)
    at Server.listen (net.js:1376:9)
    at Function.listen (/Users/aravindchinta/Documents/Files/University/NEU/Semester_4/WebDev/webdev/node_modules/express/lib/application.js:617:24)
    at Object.<anonymous> (/Users/aravindchinta/Documents/Files/University/NEU/Semester_4/WebDev/webdev/server.js:17:5)
    at Module._compile (module.js:571:32)
    at Object.Module._extensions..js (module.js:580:10)
    at Module.load (module.js:488:32)
    at tryModuleLoad (module.js:447:12)
    at Function.Module._load (module.js:439:3)
    at Module.runMain (module.js:605:10)
    at run (bootstrap_node.js:420:7)
    at startup (bootstrap_node.js:139:9)
    at bootstrap_node.js:535:3
[31m[nodemon] app crashed - waiting for file changes before starting...[39m
